[2025-10-23T01:28:24.633Z] error: <service-helpers> Error getting services from Docker server 'my-docker': [Error: connect EACCES /var/run/docker.sock] {
  errno: -13,
  code: 'EACCES',
  syscall: 'connect',
  address: '/var/run/docker.sock'
}
[2025-10-23T01:28:24.832Z] error: <service-helpers> Error getting services from Docker server 'my-docker': [Error: connect EACCES /var/run/docker.sock] {
  errno: -13,
  code: 'EACCES',
  syscall: 'connect',
  address: '/var/run/docker.sock'
}
[2025-10-23T01:28:25.310Z] error: <service-helpers> Error getting services from Docker server 'my-docker': [Error: connect EACCES /var/run/docker.sock] {
  errno: -13,
  code: 'EACCES',
  syscall: 'connect',
  address: '/var/run/docker.sock'
}
[2025-10-23T01:28:28.913Z] error: <service-helpers> Error getting services from Docker server 'my-docker': [Error: connect EACCES /var/run/docker.sock] {
  errno: -13,
  code: 'EACCES',
  syscall: 'connect',
  address: '/var/run/docker.sock'
}
[2025-10-23T01:29:56.308Z] error: Failed to discover services, please check docker.yaml for errors or remove example entries.
[2025-10-23T01:29:56.317Z] error: YAMLException: duplicated mapping key (9:1)

  6 |   host: 127.0.0.1
  7 |   port: 2375
  8 | 
  9 | my-docker:
------^
 10 |   socket: /var/run/docker.sock
[2025-10-23T01:29:56.557Z] error: Failed to discover services, please check docker.yaml for errors or remove example entries.
[2025-10-23T01:29:56.560Z] error: YAMLException: duplicated mapping key (9:1)

  6 |   host: 127.0.0.1
  7 |   port: 2375
  8 | 
  9 | my-docker:
------^
 10 |   socket: /var/run/docker.sock
[2025-10-23T01:29:57.079Z] error: Failed to discover services, please check docker.yaml for errors or remove example entries.
[2025-10-23T01:29:57.081Z] error: YAMLException: duplicated mapping key (9:1)

  6 |   host: 127.0.0.1
  7 |   port: 2375
  8 | 
  9 | my-docker:
------^
 10 |   socket: /var/run/docker.sock
[2025-10-23T01:30:07.991Z] error: <service-helpers> Error getting services from Docker server 'my-docker': [Error: connect EACCES /var/run/docker.sock] {
  errno: -13,
  code: 'EACCES',
  syscall: 'connect',
  address: '/var/run/docker.sock'
}
[2025-10-23T01:30:08.450Z] error: <service-helpers> Error getting services from Docker server 'my-docker': [Error: connect EACCES /var/run/docker.sock] {
  errno: -13,
  code: 'EACCES',
  syscall: 'connect',
  address: '/var/run/docker.sock'
}
[2025-10-23T01:31:35.295Z] error: <service-helpers> Error getting services from Docker server 'my-docker': [Error: connect EACCES /var/run/docker.sock] {
  errno: -13,
  code: 'EACCES',
  syscall: 'connect',
  address: '/var/run/docker.sock'
}
[2025-10-23T01:31:38.207Z] error: <service-helpers> Error getting services from Docker server 'my-docker': [Error: connect EACCES /var/run/docker.sock] {
  errno: -13,
  code: 'EACCES',
  syscall: 'connect',
  address: '/var/run/docker.sock'
}
[2025-10-23T01:31:39.985Z] error: <service-helpers> Error getting services from Docker server 'my-docker': [Error: connect EACCES /var/run/docker.sock] {
  errno: -13,
  code: 'EACCES',
  syscall: 'connect',
  address: '/var/run/docker.sock'
}
[2025-10-23T01:31:59.867Z] error: <service-helpers> Error getting services from Docker server 'my-docker': [Error: connect EACCES /var/run/docker.sock] {
  errno: -13,
  code: 'EACCES',
  syscall: 'connect',
  address: '/var/run/docker.sock'
}
[2025-10-23T01:32:00.136Z] error: <service-helpers> Error getting services from Docker server 'my-docker': [Error: connect EACCES /var/run/docker.sock] {
  errno: -13,
  code: 'EACCES',
  syscall: 'connect',
  address: '/var/run/docker.sock'
}
[2025-10-23T01:32:00.862Z] error: <service-helpers> Error getting services from Docker server 'my-docker': [Error: connect EACCES /var/run/docker.sock] {
  errno: -13,
  code: 'EACCES',
  syscall: 'connect',
  address: '/var/run/docker.sock'
}
[2025-10-23T01:38:18.169Z] error: <service-helpers> Error getting services from Docker server 'my-docker': [Error: connect EACCES /var/run/docker.sock] {
  errno: -13,
  code: 'EACCES',
  syscall: 'connect',
  address: '/var/run/docker.sock'
}
[2025-10-23T01:38:36.321Z] error: <service-helpers> Error getting services from Docker server 'my-docker': [Error: connect EACCES /var/run/docker.sock] {
  errno: -13,
  code: 'EACCES',
  syscall: 'connect',
  address: '/var/run/docker.sock'
}
[2025-10-23T01:41:19.439Z] error: <service-helpers> Error getting services from Docker server 'my-docker': [Error: connect EACCES /var/run/docker.sock] {
  errno: -13,
  code: 'EACCES',
  syscall: 'connect',
  address: '/var/run/docker.sock'
}
[2025-10-23T01:41:19.509Z] error: <service-helpers> Error getting services from Docker server 'my-docker': [Error: connect EACCES /var/run/docker.sock] {
  errno: -13,
  code: 'EACCES',
  syscall: 'connect',
  address: '/var/run/docker.sock'
}
[2025-10-23T01:41:20.530Z] error: <service-helpers> Error getting services from Docker server 'my-docker': [Error: connect EACCES /var/run/docker.sock] {
  errno: -13,
  code: 'EACCES',
  syscall: 'connect',
  address: '/var/run/docker.sock'
}
[2025-10-23T01:41:23.078Z] error: <service-helpers> Error getting services from Docker server 'my-docker': [Error: connect EACCES /var/run/docker.sock] {
  errno: -13,
  code: 'EACCES',
  syscall: 'connect',
  address: '/var/run/docker.sock'
}
[2025-10-23T01:41:39.570Z] error: <service-helpers> Error getting services from Docker server 'my-docker': [Error: connect EACCES /var/run/docker.sock] {
  errno: -13,
  code: 'EACCES',
  syscall: 'connect',
  address: '/var/run/docker.sock'
}
[2025-10-23T01:42:09.663Z] error: <service-helpers> Error getting services from Docker server 'my-docker': [Error: connect EACCES /var/run/docker.sock] {
  errno: -13,
  code: 'EACCES',
  syscall: 'connect',
  address: '/var/run/docker.sock'
}
[2025-10-23T01:50:39.348Z] error: <service-helpers> Error getting services from Docker server 'my-docker': [Error: connect EACCES /var/run/docker.sock] {
  errno: -13,
  code: 'EACCES',
  syscall: 'connect',
  address: '/var/run/docker.sock'
}
[2025-10-23T01:51:24.060Z] error: <service-helpers> Error getting services from Docker server 'my-docker': [Error: connect EACCES /var/run/docker.sock] {
  errno: -13,
  code: 'EACCES',
  syscall: 'connect',
  address: '/var/run/docker.sock'
}
[2025-10-23T01:51:45.102Z] error: <service-helpers> Error getting services from Docker server 'my-docker': [Error: connect EACCES /var/run/docker.sock] {
  errno: -13,
  code: 'EACCES',
  syscall: 'connect',
  address: '/var/run/docker.sock'
}
[2025-10-23T01:52:18.054Z] error: <service-helpers> Error getting services from Docker server 'my-docker': [Error: connect EACCES /var/run/docker.sock] {
  errno: -13,
  code: 'EACCES',
  syscall: 'connect',
  address: '/var/run/docker.sock'
}
